2024-09-23 16:55:02,010 INFO sqlalchemy.engine.Engine select pg_catalog.version()
2024-09-23 16:55:02,010 INFO sqlalchemy.engine.Engine [raw sql] ()
2024-09-23 16:55:02,012 INFO sqlalchemy.engine.Engine select current_schema()
2024-09-23 16:55:02,013 INFO sqlalchemy.engine.Engine [raw sql] ()
2024-09-23 16:55:02,014 INFO sqlalchemy.engine.Engine show standard_conforming_strings
2024-09-23 16:55:02,014 INFO sqlalchemy.engine.Engine [raw sql] ()
2024-09-23 16:55:02,015 INFO sqlalchemy.engine.Engine BEGIN (implicit)
2024-09-23 16:55:02,018 INFO sqlalchemy.engine.Engine SELECT emails.id, emails.email, emails.category 
FROM emails
2024-09-23 16:55:02,018 INFO sqlalchemy.engine.Engine [generated in 0.00020s] ()
Processing emails at 2024-09-23 16:55:02.020378
Processing email: test1@example.com, category: inbox
Processing email: test2@example.com, category: spam
Processing email: test3@example.com, category: promotions
2024-09-23 16:55:02,020 INFO sqlalchemy.engine.Engine COMMIT
2024-09-23 17:00:01,684 INFO sqlalchemy.engine.Engine select pg_catalog.version()
2024-09-23 17:00:01,685 INFO sqlalchemy.engine.Engine [raw sql] ()
2024-09-23 17:00:01,687 INFO sqlalchemy.engine.Engine select current_schema()
2024-09-23 17:00:01,687 INFO sqlalchemy.engine.Engine [raw sql] ()
2024-09-23 17:00:01,688 INFO sqlalchemy.engine.Engine show standard_conforming_strings
2024-09-23 17:00:01,689 INFO sqlalchemy.engine.Engine [raw sql] ()
2024-09-23 17:00:01,690 INFO sqlalchemy.engine.Engine BEGIN (implicit)
2024-09-23 17:00:01,692 INFO sqlalchemy.engine.Engine SELECT emails.id, emails.email, emails.category 
FROM emails
2024-09-23 17:00:01,693 INFO sqlalchemy.engine.Engine [generated in 0.00026s] ()
Processing emails at 2024-09-23 17:00:01.694752
Processing email: test1@example.com, category: inbox
Processing email: test2@example.com, category: spam
Processing email: test3@example.com, category: promotions
2024-09-23 17:00:01,694 INFO sqlalchemy.engine.Engine COMMIT
2024-09-23 17:05:02,227 INFO sqlalchemy.engine.Engine select pg_catalog.version()
2024-09-23 17:05:02,227 INFO sqlalchemy.engine.Engine [raw sql] ()
2024-09-23 17:05:02,229 INFO sqlalchemy.engine.Engine select current_schema()
2024-09-23 17:05:02,230 INFO sqlalchemy.engine.Engine [raw sql] ()
2024-09-23 17:05:02,231 INFO sqlalchemy.engine.Engine show standard_conforming_strings
2024-09-23 17:05:02,231 INFO sqlalchemy.engine.Engine [raw sql] ()
2024-09-23 17:05:02,232 INFO sqlalchemy.engine.Engine BEGIN (implicit)
2024-09-23 17:05:02,234 INFO sqlalchemy.engine.Engine SELECT emails.id, emails.email, emails.category 
FROM emails
2024-09-23 17:05:02,235 INFO sqlalchemy.engine.Engine [generated in 0.00024s] ()
Processing emails at 2024-09-23 17:05:02.236743
Processing email: test1@example.com, category: inbox
Processing email: test2@example.com, category: spam
Processing email: test3@example.com, category: promotions
2024-09-23 17:05:02,236 INFO sqlalchemy.engine.Engine COMMIT
2024-09-23 17:10:02,056 INFO sqlalchemy.engine.Engine select pg_catalog.version()
2024-09-23 17:10:02,057 INFO sqlalchemy.engine.Engine [raw sql] ()
2024-09-23 17:10:02,062 INFO sqlalchemy.engine.Engine select current_schema()
2024-09-23 17:10:02,063 INFO sqlalchemy.engine.Engine [raw sql] ()
2024-09-23 17:10:02,065 INFO sqlalchemy.engine.Engine show standard_conforming_strings
2024-09-23 17:10:02,065 INFO sqlalchemy.engine.Engine [raw sql] ()
2024-09-23 17:10:02,066 INFO sqlalchemy.engine.Engine BEGIN (implicit)
2024-09-23 17:10:02,070 INFO sqlalchemy.engine.Engine SELECT emails.id, emails.email, emails.category 
FROM emails
2024-09-23 17:10:02,071 INFO sqlalchemy.engine.Engine [generated in 0.00105s] ()
Processing emails at 2024-09-23 17:10:02.076195
Processing email: test1@example.com, category: inbox
Processing email: test2@example.com, category: spam
Processing email: test3@example.com, category: promotions
2024-09-23 17:10:02,076 INFO sqlalchemy.engine.Engine COMMIT
/usr/bin/python3: can't open file '/home/deftbox/Documents/kishann/email_categorisation/run_emails.py': [Errno 2] No such file or directory
