INFO:root:DATABASE_URL: postgresql+asyncpg://email_user:12345@localhost:5432/email_categorisation
INFO:root:Starting email fetch process...
INFO:root:Mail Server: mail.deftboxsolutions.co.in
INFO:root:Mail User: kishan@deftboxsolutions.co.in
INFO:root:Logged in to IMAP server.
INFO:root:Total emails fetched: 40
INFO:root:Email IDs fetched: [b'1', b'2', b'3', b'4', b'5', b'6', b'7', b'8', b'9', b'10', b'11', b'12', b'13', b'14', b'15', b'16', b'17', b'18', b'19', b'20', b'21', b'22', b'23', b'24', b'25', b'26', b'27', b'28', b'29', b'30', b'31', b'32', b'33', b'34', b'35', b'36', b'37', b'38', b'39', b'40']
2024-09-25 16:16:45,735 INFO sqlalchemy.engine.Engine select pg_catalog.version()
INFO:sqlalchemy.engine.Engine:select pg_catalog.version()
2024-09-25 16:16:45,735 INFO sqlalchemy.engine.Engine [raw sql] ()
INFO:sqlalchemy.engine.Engine:[raw sql] ()
2024-09-25 16:16:45,739 INFO sqlalchemy.engine.Engine select current_schema()
INFO:sqlalchemy.engine.Engine:select current_schema()
2024-09-25 16:16:45,740 INFO sqlalchemy.engine.Engine [raw sql] ()
INFO:sqlalchemy.engine.Engine:[raw sql] ()
2024-09-25 16:16:45,743 INFO sqlalchemy.engine.Engine show standard_conforming_strings
INFO:sqlalchemy.engine.Engine:show standard_conforming_strings
2024-09-25 16:16:45,744 INFO sqlalchemy.engine.Engine [raw sql] ()
INFO:sqlalchemy.engine.Engine:[raw sql] ()
2024-09-25 16:16:45,748 INFO sqlalchemy.engine.Engine BEGIN (implicit)
INFO:sqlalchemy.engine.Engine:BEGIN (implicit)
2024-09-25 16:16:45,753 INFO sqlalchemy.engine.Engine SELECT emails.email_id 
FROM emails
INFO:sqlalchemy.engine.Engine:SELECT emails.email_id 
FROM emails
2024-09-25 16:16:45,754 INFO sqlalchemy.engine.Engine [generated in 0.00059s] ()
INFO:sqlalchemy.engine.Engine:[generated in 0.00059s] ()
INFO:root:Existing emails in DB: {'n', 'i', 'c', 'f'}
INFO:root:Fetched email: From: cPanel on deftboxsolutions.co.in, Email: cpanel@deftboxsolutions.co.in, Subject: [deftboxsolutions.co.in] Client configuration settings for “kishan@deftboxsolutions.co.in”.
INFO:root:Fetched email: From: Slack, Email: no-reply-nQVQ5NVX9ilEryNlM5AF37yz@slack.com, Subject: Parth Parmar has invited you to work with them in Slack
INFO:root:Fetched email: From: Slack, Email: no-reply-EXDt9HjAo5rFKSUKONSaiycb@slack.com, Subject: DeftBOX Solutions Pvt Ltd on Slack: new account details
INFO:root:Fetched email: From: HR Portal, Email: no-reply@greythr.com, Subject: Vaghasiya Kishan Jayantibhai, Welcome to DeftBOX Solutions Private
 Limited
INFO:root:Fetched email: From: Slack, Email: notification@slack.com, Subject: [Slack] Urvis has mentioned you in #kishan-progress
INFO:root:Fetched email: From: Slack, Email: no-reply@email.slackhq.com, Subject: Invite your team to Slack
INFO:root:Fetched email: From: Slack, Email: no-reply@email.slackhq.com, Subject: How to start a conversation in Slack
INFO:root:Fetched email: From: Slack, Email: no-reply@email.slackhq.com, Subject: Give your quick reaction using emoji 🎉
INFO:root:Fetched email: From: Slack, Email: notification@slack.com, Subject: [Slack] New messages from Dhaval and Urvis in DeftBOX Solutions Pvt Ltd
INFO:root:Fetched email: From: Slack, Email: no-reply@email.slackhq.com, Subject: Find out why work flows faster in Slack channels
INFO:root:Fetched email: From: Slack, Email: no-reply@email.slackhq.com, Subject: Never miss an important message
INFO:root:Fetched email: From: Slack, Email: no-reply@email.slackhq.com, Subject: Easy ways to make Slack notifications work for you
INFO:root:Fetched email: From: Slack, Email: no-reply@email.slackhq.com, Subject: Work in Slack with people outside your company
INFO:root:Fetched email: From: HR Portal, Email: no-reply@greythr.com, Subject: Information entered by you has been submitted successfully
INFO:root:Fetched email: From: HR Portal, Email: no-reply@greythr.com, Subject: Your Leave Application has been Accepted.
INFO:root:Fetched email: From: Slack, Email: notification@slack.com, Subject: [Slack] Urvis has mentioned you in #kishan-progress
INFO:root:Fetched email: From: Slack, Email: notification@slack.com, Subject: [Slack] Notifications from the DeftBOX Solutions Pvt Ltd workspace for 23rd August 2024
INFO:root:Fetched email: From: Slack, Email: no-reply-J3p7PU7mkqfOrHW0Xw3JZu13@slack.com, Subject: Confirm your email address on Slack
INFO:root:Fetched email: From: Slack, Email: no-reply-evlcpkm0y8x2LFgPEE3tcLMq@slack.com, Subject: Confirm your email address on Slack
INFO:root:Fetched email: From: Slack, Email: no-reply-4YE5u6KGEdYKusKe6fbug98b@slack.com, Subject: Reset your password
INFO:root:Fetched email: From: Slack, Email: no-reply-JjOcAxhjslAkFk6GbRnogEKP@slack.com, Subject: Confirm your email address on Slack
INFO:root:Fetched email: From: Slack, Email: notification@slack.com, Subject: [Slack] Notifications from the DeftBOX Solutions Pvt Ltd workspace for 23rd August 2024
INFO:root:Fetched email: From: Jira, Email: noreply+138a176f3f50ba54604697b1e69692df1db9722d08c711e41f2b1590@id.atlassian.com, Subject: Please verify your email address
INFO:root:Fetched email: From: Jira, Email: noreply+138a176f3f50ba54604697b1e69692df1db9722d08c711e41f2b1590@id.atlassian.com, Subject: Please verify your email address
INFO:root:Fetched email: From: Slack, Email: notification@slack.com, Subject: [Slack] Urvis has mentioned you in #kishan-progress
INFO:root:Fetched email: From: Bitbucket, Email: info@e.atlassian.com, Subject: Welcome to Bitbucket!
INFO:root:Fetched email: From: Bitbucket, Email: info@e.atlassian.com, Subject: Learn CI/CD with Bitbucket Pipelines
INFO:root:Fetched email: From: Bitbucket, Email: info@e.atlassian.com, Subject: Set up your repository settings
INFO:root:Fetched email: From: Bitbucket, Email: info@e.atlassian.com, Subject: 3 reasons to integrate Bitbucket & Jira Software
INFO:root:Fetched email: From: Bitbucket, Email: info@e.atlassian.com, Subject: Feeling stuck?
INFO:root:Fetched email: From: HR Portal, Email: no-reply@greythr.com, Subject: Your Leave Application has been Accepted.
INFO:root:Fetched email: From: Bitbucket, Email: info@e.atlassian.com, Subject: Bitbucket + Snyk
INFO:root:Fetched email: From: Bitbucket, Email: info@e.atlassian.com, Subject: Customize your toolchain
INFO:root:Fetched email: From: Slack, Email: notification@slack.com, Subject: [Slack] New messages from Parth, Alok and more in DeftBOX Solutions Pvt Ltd
INFO:root:Fetched email: From: Slack, Email: no-reply-Dk02JakKphgi7oIAduw3XhL9@slack.com, Subject: Reset your password
INFO:root:Fetched email: From: Slack, Email: feedback@slack.com, Subject: Password changed
INFO:root:Fetched email: From: Slack, Email: no-reply-JnecEBxfWpF6bxJCnrR0fQrq@slack.com, Subject: Your Slack security code is 230479
INFO:root:Fetched email: From: Slack, Email: feedback@slack.com, Subject: Your notifications are now mobile
INFO:root:Fetched email: From: Slack, Email: feedback@slack.com, Subject: Your notifications are now mobile
INFO:root:Fetched email: From: Atlassian, Email: info@e.atlassian.com, Subject: Release 14% faster with Bitbucket and Jira
INFO:root:New emails to be saved: 40
2024-09-25 16:16:46,669 INFO sqlalchemy.engine.Engine SELECT emails.id, emails.email_id, emails.sender_name, emails.category, emails.subject, emails.timestamp, emails.attachments 
FROM emails 
WHERE emails.email_id = $1::VARCHAR
INFO:sqlalchemy.engine.Engine:SELECT emails.id, emails.email_id, emails.sender_name, emails.category, emails.subject, emails.timestamp, emails.attachments 
FROM emails 
WHERE emails.email_id = $1::VARCHAR
2024-09-25 16:16:46,669 INFO sqlalchemy.engine.Engine [generated in 0.00065s] ('cpanel@deftboxsolutions.co.in',)
INFO:sqlalchemy.engine.Engine:[generated in 0.00065s] ('cpanel@deftboxsolutions.co.in',)
2024-09-25 16:16:46,673 INFO sqlalchemy.engine.Engine SELECT emails.id, emails.email_id, emails.sender_name, emails.category, emails.subject, emails.timestamp, emails.attachments 
FROM emails 
WHERE emails.email_id = $1::VARCHAR
INFO:sqlalchemy.engine.Engine:SELECT emails.id, emails.email_id, emails.sender_name, emails.category, emails.subject, emails.timestamp, emails.attachments 
FROM emails 
WHERE emails.email_id = $1::VARCHAR
2024-09-25 16:16:46,673 INFO sqlalchemy.engine.Engine [cached since 0.004155s ago] ('no-reply-nQVQ5NVX9ilEryNlM5AF37yz@slack.com',)
INFO:sqlalchemy.engine.Engine:[cached since 0.004155s ago] ('no-reply-nQVQ5NVX9ilEryNlM5AF37yz@slack.com',)
2024-09-25 16:16:46,674 INFO sqlalchemy.engine.Engine SELECT emails.id, emails.email_id, emails.sender_name, emails.category, emails.subject, emails.timestamp, emails.attachments 
FROM emails 
WHERE emails.email_id = $1::VARCHAR
INFO:sqlalchemy.engine.Engine:SELECT emails.id, emails.email_id, emails.sender_name, emails.category, emails.subject, emails.timestamp, emails.attachments 
FROM emails 
WHERE emails.email_id = $1::VARCHAR
2024-09-25 16:16:46,674 INFO sqlalchemy.engine.Engine [cached since 0.00565s ago] ('no-reply-EXDt9HjAo5rFKSUKONSaiycb@slack.com',)
INFO:sqlalchemy.engine.Engine:[cached since 0.00565s ago] ('no-reply-EXDt9HjAo5rFKSUKONSaiycb@slack.com',)
2024-09-25 16:16:46,675 INFO sqlalchemy.engine.Engine SELECT emails.id, emails.email_id, emails.sender_name, emails.category, emails.subject, emails.timestamp, emails.attachments 
FROM emails 
WHERE emails.email_id = $1::VARCHAR
INFO:sqlalchemy.engine.Engine:SELECT emails.id, emails.email_id, emails.sender_name, emails.category, emails.subject, emails.timestamp, emails.attachments 
FROM emails 
WHERE emails.email_id = $1::VARCHAR
2024-09-25 16:16:46,676 INFO sqlalchemy.engine.Engine [cached since 0.006981s ago] ('no-reply@greythr.com',)
INFO:sqlalchemy.engine.Engine:[cached since 0.006981s ago] ('no-reply@greythr.com',)
2024-09-25 16:16:46,677 INFO sqlalchemy.engine.Engine SELECT emails.id, emails.email_id, emails.sender_name, emails.category, emails.subject, emails.timestamp, emails.attachments 
FROM emails 
WHERE emails.email_id = $1::VARCHAR
INFO:sqlalchemy.engine.Engine:SELECT emails.id, emails.email_id, emails.sender_name, emails.category, emails.subject, emails.timestamp, emails.attachments 
FROM emails 
WHERE emails.email_id = $1::VARCHAR
2024-09-25 16:16:46,677 INFO sqlalchemy.engine.Engine [cached since 0.008306s ago] ('notification@slack.com',)
INFO:sqlalchemy.engine.Engine:[cached since 0.008306s ago] ('notification@slack.com',)
2024-09-25 16:16:46,680 INFO sqlalchemy.engine.Engine SELECT emails.id, emails.email_id, emails.sender_name, emails.category, emails.subject, emails.timestamp, emails.attachments 
FROM emails 
WHERE emails.email_id = $1::VARCHAR
INFO:sqlalchemy.engine.Engine:SELECT emails.id, emails.email_id, emails.sender_name, emails.category, emails.subject, emails.timestamp, emails.attachments 
FROM emails 
WHERE emails.email_id = $1::VARCHAR
2024-09-25 16:16:46,680 INFO sqlalchemy.engine.Engine [cached since 0.01131s ago] ('no-reply@email.slackhq.com',)
INFO:sqlalchemy.engine.Engine:[cached since 0.01131s ago] ('no-reply@email.slackhq.com',)
2024-09-25 16:16:46,683 INFO sqlalchemy.engine.Engine SELECT emails.id, emails.email_id, emails.sender_name, emails.category, emails.subject, emails.timestamp, emails.attachments 
FROM emails 
WHERE emails.email_id = $1::VARCHAR
INFO:sqlalchemy.engine.Engine:SELECT emails.id, emails.email_id, emails.sender_name, emails.category, emails.subject, emails.timestamp, emails.attachments 
FROM emails 
WHERE emails.email_id = $1::VARCHAR
2024-09-25 16:16:46,683 INFO sqlalchemy.engine.Engine [cached since 0.01453s ago] ('no-reply@email.slackhq.com',)
INFO:sqlalchemy.engine.Engine:[cached since 0.01453s ago] ('no-reply@email.slackhq.com',)
2024-09-25 16:16:46,686 INFO sqlalchemy.engine.Engine SELECT emails.id, emails.email_id, emails.sender_name, emails.category, emails.subject, emails.timestamp, emails.attachments 
FROM emails 
WHERE emails.email_id = $1::VARCHAR
INFO:sqlalchemy.engine.Engine:SELECT emails.id, emails.email_id, emails.sender_name, emails.category, emails.subject, emails.timestamp, emails.attachments 
FROM emails 
WHERE emails.email_id = $1::VARCHAR
2024-09-25 16:16:46,686 INFO sqlalchemy.engine.Engine [cached since 0.01763s ago] ('no-reply@email.slackhq.com',)
INFO:sqlalchemy.engine.Engine:[cached since 0.01763s ago] ('no-reply@email.slackhq.com',)
2024-09-25 16:16:46,689 INFO sqlalchemy.engine.Engine SELECT emails.id, emails.email_id, emails.sender_name, emails.category, emails.subject, emails.timestamp, emails.attachments 
FROM emails 
WHERE emails.email_id = $1::VARCHAR
INFO:sqlalchemy.engine.Engine:SELECT emails.id, emails.email_id, emails.sender_name, emails.category, emails.subject, emails.timestamp, emails.attachments 
FROM emails 
WHERE emails.email_id = $1::VARCHAR
2024-09-25 16:16:46,689 INFO sqlalchemy.engine.Engine [cached since 0.02073s ago] ('notification@slack.com',)
INFO:sqlalchemy.engine.Engine:[cached since 0.02073s ago] ('notification@slack.com',)
2024-09-25 16:16:46,692 INFO sqlalchemy.engine.Engine SELECT emails.id, emails.email_id, emails.sender_name, emails.category, emails.subject, emails.timestamp, emails.attachments 
FROM emails 
WHERE emails.email_id = $1::VARCHAR
INFO:sqlalchemy.engine.Engine:SELECT emails.id, emails.email_id, emails.sender_name, emails.category, emails.subject, emails.timestamp, emails.attachments 
FROM emails 
WHERE emails.email_id = $1::VARCHAR
2024-09-25 16:16:46,692 INFO sqlalchemy.engine.Engine [cached since 0.02353s ago] ('no-reply@email.slackhq.com',)
INFO:sqlalchemy.engine.Engine:[cached since 0.02353s ago] ('no-reply@email.slackhq.com',)
2024-09-25 16:16:46,695 INFO sqlalchemy.engine.Engine SELECT emails.id, emails.email_id, emails.sender_name, emails.category, emails.subject, emails.timestamp, emails.attachments 
FROM emails 
WHERE emails.email_id = $1::VARCHAR
INFO:sqlalchemy.engine.Engine:SELECT emails.id, emails.email_id, emails.sender_name, emails.category, emails.subject, emails.timestamp, emails.attachments 
FROM emails 
WHERE emails.email_id = $1::VARCHAR
2024-09-25 16:16:46,695 INFO sqlalchemy.engine.Engine [cached since 0.02645s ago] ('no-reply@email.slackhq.com',)
INFO:sqlalchemy.engine.Engine:[cached since 0.02645s ago] ('no-reply@email.slackhq.com',)
2024-09-25 16:16:46,698 INFO sqlalchemy.engine.Engine SELECT emails.id, emails.email_id, emails.sender_name, emails.category, emails.subject, emails.timestamp, emails.attachments 
FROM emails 
WHERE emails.email_id = $1::VARCHAR
INFO:sqlalchemy.engine.Engine:SELECT emails.id, emails.email_id, emails.sender_name, emails.category, emails.subject, emails.timestamp, emails.attachments 
FROM emails 
WHERE emails.email_id = $1::VARCHAR
2024-09-25 16:16:46,698 INFO sqlalchemy.engine.Engine [cached since 0.02954s ago] ('no-reply@email.slackhq.com',)
INFO:sqlalchemy.engine.Engine:[cached since 0.02954s ago] ('no-reply@email.slackhq.com',)
2024-09-25 16:16:46,701 INFO sqlalchemy.engine.Engine SELECT emails.id, emails.email_id, emails.sender_name, emails.category, emails.subject, emails.timestamp, emails.attachments 
FROM emails 
WHERE emails.email_id = $1::VARCHAR
INFO:sqlalchemy.engine.Engine:SELECT emails.id, emails.email_id, emails.sender_name, emails.category, emails.subject, emails.timestamp, emails.attachments 
FROM emails 
WHERE emails.email_id = $1::VARCHAR
2024-09-25 16:16:46,701 INFO sqlalchemy.engine.Engine [cached since 0.03236s ago] ('no-reply@email.slackhq.com',)
INFO:sqlalchemy.engine.Engine:[cached since 0.03236s ago] ('no-reply@email.slackhq.com',)
2024-09-25 16:16:46,703 INFO sqlalchemy.engine.Engine SELECT emails.id, emails.email_id, emails.sender_name, emails.category, emails.subject, emails.timestamp, emails.attachments 
FROM emails 
WHERE emails.email_id = $1::VARCHAR
INFO:sqlalchemy.engine.Engine:SELECT emails.id, emails.email_id, emails.sender_name, emails.category, emails.subject, emails.timestamp, emails.attachments 
FROM emails 
WHERE emails.email_id = $1::VARCHAR
2024-09-25 16:16:46,704 INFO sqlalchemy.engine.Engine [cached since 0.0351s ago] ('no-reply@greythr.com',)
INFO:sqlalchemy.engine.Engine:[cached since 0.0351s ago] ('no-reply@greythr.com',)
2024-09-25 16:16:46,706 INFO sqlalchemy.engine.Engine SELECT emails.id, emails.email_id, emails.sender_name, emails.category, emails.subject, emails.timestamp, emails.attachments 
FROM emails 
WHERE emails.email_id = $1::VARCHAR
INFO:sqlalchemy.engine.Engine:SELECT emails.id, emails.email_id, emails.sender_name, emails.category, emails.subject, emails.timestamp, emails.attachments 
FROM emails 
WHERE emails.email_id = $1::VARCHAR
2024-09-25 16:16:46,706 INFO sqlalchemy.engine.Engine [cached since 0.03774s ago] ('no-reply@greythr.com',)
INFO:sqlalchemy.engine.Engine:[cached since 0.03774s ago] ('no-reply@greythr.com',)
2024-09-25 16:16:46,709 INFO sqlalchemy.engine.Engine SELECT emails.id, emails.email_id, emails.sender_name, emails.category, emails.subject, emails.timestamp, emails.attachments 
FROM emails 
WHERE emails.email_id = $1::VARCHAR
INFO:sqlalchemy.engine.Engine:SELECT emails.id, emails.email_id, emails.sender_name, emails.category, emails.subject, emails.timestamp, emails.attachments 
FROM emails 
WHERE emails.email_id = $1::VARCHAR
2024-09-25 16:16:46,709 INFO sqlalchemy.engine.Engine [cached since 0.04042s ago] ('notification@slack.com',)
INFO:sqlalchemy.engine.Engine:[cached since 0.04042s ago] ('notification@slack.com',)
2024-09-25 16:16:46,711 INFO sqlalchemy.engine.Engine SELECT emails.id, emails.email_id, emails.sender_name, emails.category, emails.subject, emails.timestamp, emails.attachments 
FROM emails 
WHERE emails.email_id = $1::VARCHAR
INFO:sqlalchemy.engine.Engine:SELECT emails.id, emails.email_id, emails.sender_name, emails.category, emails.subject, emails.timestamp, emails.attachments 
FROM emails 
WHERE emails.email_id = $1::VARCHAR
2024-09-25 16:16:46,712 INFO sqlalchemy.engine.Engine [cached since 0.04302s ago] ('notification@slack.com',)
INFO:sqlalchemy.engine.Engine:[cached since 0.04302s ago] ('notification@slack.com',)
2024-09-25 16:16:46,714 INFO sqlalchemy.engine.Engine SELECT emails.id, emails.email_id, emails.sender_name, emails.category, emails.subject, emails.timestamp, emails.attachments 
FROM emails 
WHERE emails.email_id = $1::VARCHAR
INFO:sqlalchemy.engine.Engine:SELECT emails.id, emails.email_id, emails.sender_name, emails.category, emails.subject, emails.timestamp, emails.attachments 
FROM emails 
WHERE emails.email_id = $1::VARCHAR
2024-09-25 16:16:46,714 INFO sqlalchemy.engine.Engine [cached since 0.04565s ago] ('no-reply-J3p7PU7mkqfOrHW0Xw3JZu13@slack.com',)
INFO:sqlalchemy.engine.Engine:[cached since 0.04565s ago] ('no-reply-J3p7PU7mkqfOrHW0Xw3JZu13@slack.com',)
2024-09-25 16:16:46,716 INFO sqlalchemy.engine.Engine SELECT emails.id, emails.email_id, emails.sender_name, emails.category, emails.subject, emails.timestamp, emails.attachments 
FROM emails 
WHERE emails.email_id = $1::VARCHAR
INFO:sqlalchemy.engine.Engine:SELECT emails.id, emails.email_id, emails.sender_name, emails.category, emails.subject, emails.timestamp, emails.attachments 
FROM emails 
WHERE emails.email_id = $1::VARCHAR
2024-09-25 16:16:46,717 INFO sqlalchemy.engine.Engine [cached since 0.04821s ago] ('no-reply-evlcpkm0y8x2LFgPEE3tcLMq@slack.com',)
INFO:sqlalchemy.engine.Engine:[cached since 0.04821s ago] ('no-reply-evlcpkm0y8x2LFgPEE3tcLMq@slack.com',)
2024-09-25 16:16:46,719 INFO sqlalchemy.engine.Engine SELECT emails.id, emails.email_id, emails.sender_name, emails.category, emails.subject, emails.timestamp, emails.attachments 
FROM emails 
WHERE emails.email_id = $1::VARCHAR
INFO:sqlalchemy.engine.Engine:SELECT emails.id, emails.email_id, emails.sender_name, emails.category, emails.subject, emails.timestamp, emails.attachments 
FROM emails 
WHERE emails.email_id = $1::VARCHAR
2024-09-25 16:16:46,719 INFO sqlalchemy.engine.Engine [cached since 0.05076s ago] ('no-reply-4YE5u6KGEdYKusKe6fbug98b@slack.com',)
INFO:sqlalchemy.engine.Engine:[cached since 0.05076s ago] ('no-reply-4YE5u6KGEdYKusKe6fbug98b@slack.com',)
2024-09-25 16:16:46,721 INFO sqlalchemy.engine.Engine SELECT emails.id, emails.email_id, emails.sender_name, emails.category, emails.subject, emails.timestamp, emails.attachments 
FROM emails 
WHERE emails.email_id = $1::VARCHAR
INFO:sqlalchemy.engine.Engine:SELECT emails.id, emails.email_id, emails.sender_name, emails.category, emails.subject, emails.timestamp, emails.attachments 
FROM emails 
WHERE emails.email_id = $1::VARCHAR
2024-09-25 16:16:46,722 INFO sqlalchemy.engine.Engine [cached since 0.05319s ago] ('no-reply-JjOcAxhjslAkFk6GbRnogEKP@slack.com',)
INFO:sqlalchemy.engine.Engine:[cached since 0.05319s ago] ('no-reply-JjOcAxhjslAkFk6GbRnogEKP@slack.com',)
2024-09-25 16:16:46,724 INFO sqlalchemy.engine.Engine SELECT emails.id, emails.email_id, emails.sender_name, emails.category, emails.subject, emails.timestamp, emails.attachments 
FROM emails 
WHERE emails.email_id = $1::VARCHAR
INFO:sqlalchemy.engine.Engine:SELECT emails.id, emails.email_id, emails.sender_name, emails.category, emails.subject, emails.timestamp, emails.attachments 
FROM emails 
WHERE emails.email_id = $1::VARCHAR
2024-09-25 16:16:46,724 INFO sqlalchemy.engine.Engine [cached since 0.0556s ago] ('notification@slack.com',)
INFO:sqlalchemy.engine.Engine:[cached since 0.0556s ago] ('notification@slack.com',)
2024-09-25 16:16:46,726 INFO sqlalchemy.engine.Engine SELECT emails.id, emails.email_id, emails.sender_name, emails.category, emails.subject, emails.timestamp, emails.attachments 
FROM emails 
WHERE emails.email_id = $1::VARCHAR
INFO:sqlalchemy.engine.Engine:SELECT emails.id, emails.email_id, emails.sender_name, emails.category, emails.subject, emails.timestamp, emails.attachments 
FROM emails 
WHERE emails.email_id = $1::VARCHAR
2024-09-25 16:16:46,727 INFO sqlalchemy.engine.Engine [cached since 0.05801s ago] ('noreply+138a176f3f50ba54604697b1e69692df1db9722d08c711e41f2b1590@id.atlassian.com',)
INFO:sqlalchemy.engine.Engine:[cached since 0.05801s ago] ('noreply+138a176f3f50ba54604697b1e69692df1db9722d08c711e41f2b1590@id.atlassian.com',)
2024-09-25 16:16:46,729 INFO sqlalchemy.engine.Engine SELECT emails.id, emails.email_id, emails.sender_name, emails.category, emails.subject, emails.timestamp, emails.attachments 
FROM emails 
WHERE emails.email_id = $1::VARCHAR
INFO:sqlalchemy.engine.Engine:SELECT emails.id, emails.email_id, emails.sender_name, emails.category, emails.subject, emails.timestamp, emails.attachments 
FROM emails 
WHERE emails.email_id = $1::VARCHAR
2024-09-25 16:16:46,729 INFO sqlalchemy.engine.Engine [cached since 0.0603s ago] ('noreply+138a176f3f50ba54604697b1e69692df1db9722d08c711e41f2b1590@id.atlassian.com',)
INFO:sqlalchemy.engine.Engine:[cached since 0.0603s ago] ('noreply+138a176f3f50ba54604697b1e69692df1db9722d08c711e41f2b1590@id.atlassian.com',)
2024-09-25 16:16:46,731 INFO sqlalchemy.engine.Engine SELECT emails.id, emails.email_id, emails.sender_name, emails.category, emails.subject, emails.timestamp, emails.attachments 
FROM emails 
WHERE emails.email_id = $1::VARCHAR
INFO:sqlalchemy.engine.Engine:SELECT emails.id, emails.email_id, emails.sender_name, emails.category, emails.subject, emails.timestamp, emails.attachments 
FROM emails 
WHERE emails.email_id = $1::VARCHAR
2024-09-25 16:16:46,731 INFO sqlalchemy.engine.Engine [cached since 0.06251s ago] ('notification@slack.com',)
INFO:sqlalchemy.engine.Engine:[cached since 0.06251s ago] ('notification@slack.com',)
2024-09-25 16:16:46,733 INFO sqlalchemy.engine.Engine SELECT emails.id, emails.email_id, emails.sender_name, emails.category, emails.subject, emails.timestamp, emails.attachments 
FROM emails 
WHERE emails.email_id = $1::VARCHAR
INFO:sqlalchemy.engine.Engine:SELECT emails.id, emails.email_id, emails.sender_name, emails.category, emails.subject, emails.timestamp, emails.attachments 
FROM emails 
WHERE emails.email_id = $1::VARCHAR
2024-09-25 16:16:46,734 INFO sqlalchemy.engine.Engine [cached since 0.06495s ago] ('info@e.atlassian.com',)
INFO:sqlalchemy.engine.Engine:[cached since 0.06495s ago] ('info@e.atlassian.com',)
2024-09-25 16:16:46,736 INFO sqlalchemy.engine.Engine SELECT emails.id, emails.email_id, emails.sender_name, emails.category, emails.subject, emails.timestamp, emails.attachments 
FROM emails 
WHERE emails.email_id = $1::VARCHAR
INFO:sqlalchemy.engine.Engine:SELECT emails.id, emails.email_id, emails.sender_name, emails.category, emails.subject, emails.timestamp, emails.attachments 
FROM emails 
WHERE emails.email_id = $1::VARCHAR
2024-09-25 16:16:46,736 INFO sqlalchemy.engine.Engine [cached since 0.06724s ago] ('info@e.atlassian.com',)
INFO:sqlalchemy.engine.Engine:[cached since 0.06724s ago] ('info@e.atlassian.com',)
2024-09-25 16:16:46,738 INFO sqlalchemy.engine.Engine SELECT emails.id, emails.email_id, emails.sender_name, emails.category, emails.subject, emails.timestamp, emails.attachments 
FROM emails 
WHERE emails.email_id = $1::VARCHAR
INFO:sqlalchemy.engine.Engine:SELECT emails.id, emails.email_id, emails.sender_name, emails.category, emails.subject, emails.timestamp, emails.attachments 
FROM emails 
WHERE emails.email_id = $1::VARCHAR
2024-09-25 16:16:46,738 INFO sqlalchemy.engine.Engine [cached since 0.06948s ago] ('info@e.atlassian.com',)
INFO:sqlalchemy.engine.Engine:[cached since 0.06948s ago] ('info@e.atlassian.com',)
2024-09-25 16:16:46,740 INFO sqlalchemy.engine.Engine SELECT emails.id, emails.email_id, emails.sender_name, emails.category, emails.subject, emails.timestamp, emails.attachments 
FROM emails 
WHERE emails.email_id = $1::VARCHAR
INFO:sqlalchemy.engine.Engine:SELECT emails.id, emails.email_id, emails.sender_name, emails.category, emails.subject, emails.timestamp, emails.attachments 
FROM emails 
WHERE emails.email_id = $1::VARCHAR
2024-09-25 16:16:46,740 INFO sqlalchemy.engine.Engine [cached since 0.07174s ago] ('info@e.atlassian.com',)
INFO:sqlalchemy.engine.Engine:[cached since 0.07174s ago] ('info@e.atlassian.com',)
2024-09-25 16:16:46,742 INFO sqlalchemy.engine.Engine SELECT emails.id, emails.email_id, emails.sender_name, emails.category, emails.subject, emails.timestamp, emails.attachments 
FROM emails 
WHERE emails.email_id = $1::VARCHAR
INFO:sqlalchemy.engine.Engine:SELECT emails.id, emails.email_id, emails.sender_name, emails.category, emails.subject, emails.timestamp, emails.attachments 
FROM emails 
WHERE emails.email_id = $1::VARCHAR
2024-09-25 16:16:46,743 INFO sqlalchemy.engine.Engine [cached since 0.07397s ago] ('info@e.atlassian.com',)
INFO:sqlalchemy.engine.Engine:[cached since 0.07397s ago] ('info@e.atlassian.com',)
2024-09-25 16:16:46,745 INFO sqlalchemy.engine.Engine SELECT emails.id, emails.email_id, emails.sender_name, emails.category, emails.subject, emails.timestamp, emails.attachments 
FROM emails 
WHERE emails.email_id = $1::VARCHAR
INFO:sqlalchemy.engine.Engine:SELECT emails.id, emails.email_id, emails.sender_name, emails.category, emails.subject, emails.timestamp, emails.attachments 
FROM emails 
WHERE emails.email_id = $1::VARCHAR
2024-09-25 16:16:46,745 INFO sqlalchemy.engine.Engine [cached since 0.07644s ago] ('no-reply@greythr.com',)
INFO:sqlalchemy.engine.Engine:[cached since 0.07644s ago] ('no-reply@greythr.com',)
2024-09-25 16:16:46,747 INFO sqlalchemy.engine.Engine SELECT emails.id, emails.email_id, emails.sender_name, emails.category, emails.subject, emails.timestamp, emails.attachments 
FROM emails 
WHERE emails.email_id = $1::VARCHAR
INFO:sqlalchemy.engine.Engine:SELECT emails.id, emails.email_id, emails.sender_name, emails.category, emails.subject, emails.timestamp, emails.attachments 
FROM emails 
WHERE emails.email_id = $1::VARCHAR
2024-09-25 16:16:46,747 INFO sqlalchemy.engine.Engine [cached since 0.07862s ago] ('info@e.atlassian.com',)
INFO:sqlalchemy.engine.Engine:[cached since 0.07862s ago] ('info@e.atlassian.com',)
2024-09-25 16:16:46,749 INFO sqlalchemy.engine.Engine SELECT emails.id, emails.email_id, emails.sender_name, emails.category, emails.subject, emails.timestamp, emails.attachments 
FROM emails 
WHERE emails.email_id = $1::VARCHAR
INFO:sqlalchemy.engine.Engine:SELECT emails.id, emails.email_id, emails.sender_name, emails.category, emails.subject, emails.timestamp, emails.attachments 
FROM emails 
WHERE emails.email_id = $1::VARCHAR
2024-09-25 16:16:46,750 INFO sqlalchemy.engine.Engine [cached since 0.0809s ago] ('info@e.atlassian.com',)
INFO:sqlalchemy.engine.Engine:[cached since 0.0809s ago] ('info@e.atlassian.com',)
2024-09-25 16:16:46,751 INFO sqlalchemy.engine.Engine SELECT emails.id, emails.email_id, emails.sender_name, emails.category, emails.subject, emails.timestamp, emails.attachments 
FROM emails 
WHERE emails.email_id = $1::VARCHAR
INFO:sqlalchemy.engine.Engine:SELECT emails.id, emails.email_id, emails.sender_name, emails.category, emails.subject, emails.timestamp, emails.attachments 
FROM emails 
WHERE emails.email_id = $1::VARCHAR
2024-09-25 16:16:46,752 INFO sqlalchemy.engine.Engine [cached since 0.08307s ago] ('notification@slack.com',)
INFO:sqlalchemy.engine.Engine:[cached since 0.08307s ago] ('notification@slack.com',)
2024-09-25 16:16:46,754 INFO sqlalchemy.engine.Engine SELECT emails.id, emails.email_id, emails.sender_name, emails.category, emails.subject, emails.timestamp, emails.attachments 
FROM emails 
WHERE emails.email_id = $1::VARCHAR
INFO:sqlalchemy.engine.Engine:SELECT emails.id, emails.email_id, emails.sender_name, emails.category, emails.subject, emails.timestamp, emails.attachments 
FROM emails 
WHERE emails.email_id = $1::VARCHAR
2024-09-25 16:16:46,754 INFO sqlalchemy.engine.Engine [cached since 0.08519s ago] ('no-reply-Dk02JakKphgi7oIAduw3XhL9@slack.com',)
INFO:sqlalchemy.engine.Engine:[cached since 0.08519s ago] ('no-reply-Dk02JakKphgi7oIAduw3XhL9@slack.com',)
2024-09-25 16:16:46,756 INFO sqlalchemy.engine.Engine SELECT emails.id, emails.email_id, emails.sender_name, emails.category, emails.subject, emails.timestamp, emails.attachments 
FROM emails 
WHERE emails.email_id = $1::VARCHAR
INFO:sqlalchemy.engine.Engine:SELECT emails.id, emails.email_id, emails.sender_name, emails.category, emails.subject, emails.timestamp, emails.attachments 
FROM emails 
WHERE emails.email_id = $1::VARCHAR
2024-09-25 16:16:46,756 INFO sqlalchemy.engine.Engine [cached since 0.0872s ago] ('feedback@slack.com',)
INFO:sqlalchemy.engine.Engine:[cached since 0.0872s ago] ('feedback@slack.com',)
2024-09-25 16:16:46,758 INFO sqlalchemy.engine.Engine SELECT emails.id, emails.email_id, emails.sender_name, emails.category, emails.subject, emails.timestamp, emails.attachments 
FROM emails 
WHERE emails.email_id = $1::VARCHAR
INFO:sqlalchemy.engine.Engine:SELECT emails.id, emails.email_id, emails.sender_name, emails.category, emails.subject, emails.timestamp, emails.attachments 
FROM emails 
WHERE emails.email_id = $1::VARCHAR
2024-09-25 16:16:46,758 INFO sqlalchemy.engine.Engine [cached since 0.08914s ago] ('no-reply-JnecEBxfWpF6bxJCnrR0fQrq@slack.com',)
INFO:sqlalchemy.engine.Engine:[cached since 0.08914s ago] ('no-reply-JnecEBxfWpF6bxJCnrR0fQrq@slack.com',)
2024-09-25 16:16:46,759 INFO sqlalchemy.engine.Engine SELECT emails.id, emails.email_id, emails.sender_name, emails.category, emails.subject, emails.timestamp, emails.attachments 
FROM emails 
WHERE emails.email_id = $1::VARCHAR
INFO:sqlalchemy.engine.Engine:SELECT emails.id, emails.email_id, emails.sender_name, emails.category, emails.subject, emails.timestamp, emails.attachments 
FROM emails 
WHERE emails.email_id = $1::VARCHAR
2024-09-25 16:16:46,760 INFO sqlalchemy.engine.Engine [cached since 0.0911s ago] ('feedback@slack.com',)
INFO:sqlalchemy.engine.Engine:[cached since 0.0911s ago] ('feedback@slack.com',)
2024-09-25 16:16:46,761 INFO sqlalchemy.engine.Engine SELECT emails.id, emails.email_id, emails.sender_name, emails.category, emails.subject, emails.timestamp, emails.attachments 
FROM emails 
WHERE emails.email_id = $1::VARCHAR
INFO:sqlalchemy.engine.Engine:SELECT emails.id, emails.email_id, emails.sender_name, emails.category, emails.subject, emails.timestamp, emails.attachments 
FROM emails 
WHERE emails.email_id = $1::VARCHAR
2024-09-25 16:16:46,762 INFO sqlalchemy.engine.Engine [cached since 0.09306s ago] ('feedback@slack.com',)
INFO:sqlalchemy.engine.Engine:[cached since 0.09306s ago] ('feedback@slack.com',)
2024-09-25 16:16:46,763 INFO sqlalchemy.engine.Engine SELECT emails.id, emails.email_id, emails.sender_name, emails.category, emails.subject, emails.timestamp, emails.attachments 
FROM emails 
WHERE emails.email_id = $1::VARCHAR
INFO:sqlalchemy.engine.Engine:SELECT emails.id, emails.email_id, emails.sender_name, emails.category, emails.subject, emails.timestamp, emails.attachments 
FROM emails 
WHERE emails.email_id = $1::VARCHAR
2024-09-25 16:16:46,764 INFO sqlalchemy.engine.Engine [cached since 0.09504s ago] ('info@e.atlassian.com',)
INFO:sqlalchemy.engine.Engine:[cached since 0.09504s ago] ('info@e.atlassian.com',)
2024-09-25 16:16:46,765 INFO sqlalchemy.engine.Engine COMMIT
INFO:sqlalchemy.engine.Engine:COMMIT
INFO:root:New emails fetched and saved successfully.
INFO:root:Logged out from IMAP server.
